<?xml version="1.0" encoding="UTF-8"?>
<robot rpa="false" generated="20200810 10:16:29.115" generator="Robot 3.2.1 (Python 2.7.15 on win32)">
<suite source="C:\development\Robot-Script\tokopedia\tests\filter.robot" id="s1" name="Filter">
<test id="s1-t1" name="Filter max price">
<kw name="Open Browser" library="SeleniumLibrary">
<doc>Opens a new browser instance to the optional ``url``.</doc>
<arguments>
<arg>https://www.tokopedia.com/</arg>
<arg>gc</arg>
</arguments>
<msg timestamp="20200810 10:16:29.331" level="INFO">Opening browser 'gc' to base url 'https://www.tokopedia.com/'.</msg>
<status status="PASS" endtime="20200810 10:16:35.347" starttime="20200810 10:16:29.331"></status>
</kw>
<kw name="Sleep" library="BuiltIn">
<doc>Pauses the test executed for the given time.</doc>
<arguments>
<arg>2s</arg>
</arguments>
<msg timestamp="20200810 10:16:37.349" level="INFO">Slept 2 seconds</msg>
<status status="PASS" endtime="20200810 10:16:37.349" starttime="20200810 10:16:35.349"></status>
</kw>
<kw name="Click Element" library="SeleniumLibrary">
<doc>Click the element identified by ``locator``.</doc>
<arguments>
<arg>xpath=//*[@id="zeus-root"]/div/div[2]/div[1]/main/div[2]/div[1]/div[1]/div/section[2]/div/div[1]/div/div[5]/div/div/a</arg>
</arguments>
<msg timestamp="20200810 10:16:37.350" level="INFO">Clicking element 'xpath=//*[@id="zeus-root"]/div/div[2]/div[1]/main/div[2]/div[1]/div[1]/div/section[2]/div/div[1]/div/div[5]/div/div/a'.</msg>
<status status="PASS" endtime="20200810 10:16:39.086" starttime="20200810 10:16:37.350"></status>
</kw>
<kw name="Sleep" library="BuiltIn">
<doc>Pauses the test executed for the given time.</doc>
<arguments>
<arg>2s</arg>
</arguments>
<msg timestamp="20200810 10:16:41.087" level="INFO">Slept 2 seconds</msg>
<status status="PASS" endtime="20200810 10:16:41.088" starttime="20200810 10:16:39.086"></status>
</kw>
<kw name="Input Text" library="SeleniumLibrary">
<doc>Types the given ``text`` into the text field identified by ``locator``.</doc>
<arguments>
<arg>xpath=//*[@id="zeus-root"]/div/div[2]/div/div[2]/div/div[2]/div[1]/div[2]/div[4]/div[3]/div[2]/div/div/div/input</arg>
<arg>50000</arg>
</arguments>
<msg timestamp="20200810 10:16:41.092" level="INFO">Typing text '50000' into text field 'xpath=//*[@id="zeus-root"]/div/div[2]/div/div[2]/div/div[2]/div[1]/div[2]/div[4]/div[3]/div[2]/div/div/div/input'.</msg>
<status status="PASS" endtime="20200810 10:16:41.530" starttime="20200810 10:16:41.090"></status>
</kw>
<kw name="Click Element" library="SeleniumLibrary">
<doc>Click the element identified by ``locator``.</doc>
<arguments>
<arg>xpath=//*[@id="zeus-root"]/div/div[2]/div/div[2]/div/div[2]/div[1]/div[2]/div[4]/div[3]/div[3]/div/div/div/div/img</arg>
</arguments>
<msg timestamp="20200810 10:16:41.531" level="INFO">Clicking element 'xpath=//*[@id="zeus-root"]/div/div[2]/div/div[2]/div/div[2]/div[1]/div[2]/div[4]/div[3]/div[3]/div/div/div/div/img'.</msg>
<status status="PASS" endtime="20200810 10:16:41.800" starttime="20200810 10:16:41.531"></status>
</kw>
<status status="PASS" endtime="20200810 10:16:41.802" critical="yes" starttime="20200810 10:16:29.330"></status>
</test>
<status status="PASS" endtime="20200810 10:16:41.806" starttime="20200810 10:16:29.118"></status>
</suite>
<statistics>
<total>
<stat fail="0" pass="1">Critical Tests</stat>
<stat fail="0" pass="1">All Tests</stat>
</total>
<tag>
</tag>
<suite>
<stat fail="0" id="s1" name="Filter" pass="1">Filter</stat>
</suite>
</statistics>
<errors>
<msg timestamp="20200810 10:16:29.327" level="ERROR">Error in file 'C:\development\Robot-Script\tokopedia\tests\filter.robot' on line 3: Importing test library 'Selenium2Library' failed: ImportError: No module named Selenium2Library
Traceback (most recent call last):
  None
PYTHONPATH:
  C:\Python27\Scripts\robot.exe
  C:\WINDOWS\SYSTEM32\python27.zip
  c:\python27\DLLs
  c:\python27\lib
  c:\python27\lib\plat-win
  c:\python27\lib\lib-tk
  c:\python27
  c:\python27\lib\site-packages</msg>
</errors>
</robot>
